INFO - 06/05/23 13:00:35 - 0:00:00 - ============ Initialized logger ============
INFO - 06/05/23 13:00:35 - 0:00:00 - batch_size: 16
                                     bilstm: False
                                     ckpt: science_integrated/pytorch_model.bin
                                     coach: False
                                     conll: True
                                     dropout: 0
                                     dump_path: experiments/science_pretrain_then_finetune/1
                                     early_stop: 8
                                     emb_dim: 300
                                     emb_file: ../glove/glove.6B.300d.txt
                                     entity_enc_hidden_dim: 300
                                     entity_enc_layers: 1
                                     epoch: 300
                                     exp_id: 1
                                     exp_name: science_pretrain_then_finetune
                                     hidden_dim: 768
                                     joint: False
                                     logger_filename: train.log
                                     lr: 5e-05
                                     lstm_hidden_dim: 256
                                     model_name: bert-base-cased
                                     n_layer: 2
                                     n_samples: -1
                                     num_tag: 35
                                     seed: 555
                                     tgt_dm: science
                                     usechar: False
INFO - 06/05/23 13:00:35 - 0:00:00 - The experiment will be stored in experiments/science_pretrain_then_finetune/1
                                     
INFO - 06/05/23 13:00:35 - 0:00:00 - Load training set data
INFO - 06/05/23 13:00:35 - 0:00:00 - Load development set data
INFO - 06/05/23 13:00:36 - 0:00:01 - Load test set data
INFO - 06/05/23 13:00:36 - 0:00:01 - label distribution for training set
INFO - 06/05/23 13:00:36 - 0:00:01 - {'chemicalcompound': 0.06697674418604652, 'scientist': 0.11813953488372093, 'location': 0.06046511627906977, 'astronomicalobject': 0.11255813953488372, 'misc': 0.1572093023255814, 'protein': 0.0641860465116279, 'person': 0.09023255813953489, 'university': 0.052093023255813956, 'theory': 0.0074418604651162795, 'enzyme': 0.020465116279069766, 'organisation': 0.10976744186046512, 'award': 0.052093023255813956, 'country': 0.008372093023255815, 'event': 0.018604651162790697, 'discipline': 0.020465116279069766, 'chemicalelement': 0.014883720930232559, 'academicjournal': 0.026046511627906978}
INFO - 06/05/23 13:00:36 - 0:00:01 - label distribution for dev set
INFO - 06/05/23 13:00:36 - 0:00:01 - {'organisation': 0.1095350669818755, 'academicjournal': 0.058707643814026794, 'scientist': 0.12923561859732072, 'chemicalcompound': 0.0760441292356186, 'misc': 0.14184397163120568, 'university': 0.054373522458628844, 'discipline': 0.01615445232466509, 'location': 0.05594956658786446, 'protein': 0.03979511426319937, 'astronomicalobject': 0.14696611505122142, 'chemicalelement': 0.009062253743104806, 'event': 0.014184397163120567, 'person': 0.06028368794326241, 'award': 0.055161544523246654, 'enzyme': 0.018912529550827423, 'country': 0.01103230890464933, 'theory': 0.0027580772261623326}
INFO - 06/05/23 13:00:36 - 0:00:01 - label distribution for test set
INFO - 06/05/23 13:00:36 - 0:00:01 - {'organisation': 0.08837811589511169, 'astronomicalobject': 0.10909679507931369, 'misc': 0.16833926837164132, 'chemicalcompound': 0.05179669796050502, 'protein': 0.05050178051149239, 'person': 0.07445775331822596, 'university': 0.04208481709291033, 'scientist': 0.15247652962123664, 'enzyme': 0.02589834898025251, 'award': 0.04726448688896083, 'event': 0.010035610229847848, 'location': 0.05503399158303658, 'country': 0.008740692780835222, 'academicjournal': 0.058271285205568145, 'chemicalelement': 0.02751699579151829, 'discipline': 0.023632243444480415, 'theory': 0.006474587245063127}
INFO - 06/05/23 13:00:36 - 0:00:01 - train size: 200; dev size 450; test size: 543;
DEBUG - 06/05/23 13:00:37 - 0:00:01 - https://huggingface.co:443 "HEAD /bert-base-cased/resolve/main/config.json HTTP/1.1" 200 0
DEBUG - 06/05/23 13:00:37 - 0:00:01 - https://huggingface.co:443 "HEAD /bert-base-cased/resolve/main/pytorch_model.bin HTTP/1.1" 302 0
DEBUG - 06/05/23 13:00:37 - 0:00:01 - Attempting to acquire lock 139904825474000 on /home/jawi/.cache/huggingface/hub/models--bert-base-cased/blobs/d6992b8cd27d7a132eafce6a8210272329a371b1c762d453588795dd3835593e.lock
DEBUG - 06/05/23 13:00:37 - 0:00:01 - Lock 139904825474000 acquired on /home/jawi/.cache/huggingface/hub/models--bert-base-cased/blobs/d6992b8cd27d7a132eafce6a8210272329a371b1c762d453588795dd3835593e.lock
DEBUG - 06/05/23 13:00:37 - 0:00:01 - Starting new HTTPS connection (1): cdn-lfs.huggingface.co:443
DEBUG - 06/05/23 13:00:37 - 0:00:02 - https://cdn-lfs.huggingface.co:443 "GET /bert-base-cased/d6992b8cd27d7a132eafce6a8210272329a371b1c762d453588795dd3835593e?response-content-disposition=attachment%3B+filename*%3DUTF-8%27%27pytorch_model.bin%3B+filename%3D%22pytorch_model.bin%22%3B&response-content-type=application%2Foctet-stream&Expires=1686222032&Policy=eyJTdGF0ZW1lbnQiOlt7IlJlc291cmNlIjoiaHR0cHM6Ly9jZG4tbGZzLmh1Z2dpbmdmYWNlLmNvL2JlcnQtYmFzZS1jYXNlZC9kNjk5MmI4Y2QyN2Q3YTEzMmVhZmNlNmE4MjEwMjcyMzI5YTM3MWIxYzc2MmQ0NTM1ODg3OTVkZDM4MzU1OTNlP3Jlc3BvbnNlLWNvbnRlbnQtZGlzcG9zaXRpb249KiZyZXNwb25zZS1jb250ZW50LXR5cGU9KiIsIkNvbmRpdGlvbiI6eyJEYXRlTGVzc1RoYW4iOnsiQVdTOkVwb2NoVGltZSI6MTY4NjIyMjAzMn19fV19&Signature=ur-qUGJU1ihP7J7oAhjxtQ1qMZ0oIEB9glWMxH3FlcqT8ljttvQQz9-fX~LgM~K0OcbTbvwo7y65HlEAJ~BO06xAGkuWx2Ky02~rf4bzg5qdF-gybD1ROU7JTqqO49R5WCMSHy2w-I3m3HA8o5quKWwfkB5U6Pqq8ncVv3TSjlxXFuvtk-4Upzw~jbE4PQxXJpgxl9M0tMqqqOZuLrDNWwwd5Wk9GPYhxHwcXvBAJQ-DU-S5lW1h2o-uC6rXQB4mBeMAqfmpx5l4J-9r3A7Rto-krF3C0cA5FiLEPA05NaMn1A~6Nok-fEEk-5yyKIxTL5NtX9RImiLi-I57km2efA__&Key-Pair-Id=KVTP0A1DKRTAX HTTP/1.1" 200 435779157
DEBUG - 06/05/23 13:01:10 - 0:00:35 - Attempting to release lock 139904825474000 on /home/jawi/.cache/huggingface/hub/models--bert-base-cased/blobs/d6992b8cd27d7a132eafce6a8210272329a371b1c762d453588795dd3835593e.lock
DEBUG - 06/05/23 13:01:10 - 0:00:35 - Lock 139904825474000 released on /home/jawi/.cache/huggingface/hub/models--bert-base-cased/blobs/d6992b8cd27d7a132eafce6a8210272329a371b1c762d453588795dd3835593e.lock
DEBUG - 06/05/23 13:01:15 - 0:00:39 - https://huggingface.co:443 "HEAD /bert-base-cased/resolve/main/generation_config.json HTTP/1.1" 404 0
INFO - 06/05/23 13:01:15 - 0:00:39 - Reloading model from science_integrated/pytorch_model.bin
INFO - 06/05/23 13:04:11 - 0:00:00 - ============ Initialized logger ============
INFO - 06/05/23 13:04:11 - 0:00:00 - batch_size: 16
                                     bilstm: False
                                     ckpt: 
                                     coach: False
                                     conll: True
                                     dropout: 0
                                     dump_path: experiments/science_pretrain_then_finetune/1
                                     early_stop: 8
                                     emb_dim: 300
                                     emb_file: ../glove/glove.6B.300d.txt
                                     entity_enc_hidden_dim: 300
                                     entity_enc_layers: 1
                                     epoch: 300
                                     exp_id: 1
                                     exp_name: science_pretrain_then_finetune
                                     hidden_dim: 768
                                     joint: False
                                     logger_filename: train.log
                                     lr: 5e-05
                                     lstm_hidden_dim: 256
                                     model_name: bert-base-cased
                                     n_layer: 2
                                     n_samples: -1
                                     num_tag: 35
                                     seed: 555
                                     tgt_dm: science
                                     usechar: False
INFO - 06/05/23 13:04:11 - 0:00:00 - The experiment will be stored in experiments/science_pretrain_then_finetune/1
                                     
INFO - 06/05/23 13:04:11 - 0:00:00 - Load training set data
INFO - 06/05/23 13:04:11 - 0:00:00 - Load development set data
INFO - 06/05/23 13:04:12 - 0:00:01 - Load test set data
INFO - 06/05/23 13:04:12 - 0:00:01 - label distribution for training set
INFO - 06/05/23 13:04:12 - 0:00:01 - {'chemicalcompound': 0.06697674418604652, 'scientist': 0.11813953488372093, 'location': 0.06046511627906977, 'astronomicalobject': 0.11255813953488372, 'misc': 0.1572093023255814, 'protein': 0.0641860465116279, 'person': 0.09023255813953489, 'university': 0.052093023255813956, 'theory': 0.0074418604651162795, 'enzyme': 0.020465116279069766, 'organisation': 0.10976744186046512, 'award': 0.052093023255813956, 'country': 0.008372093023255815, 'event': 0.018604651162790697, 'discipline': 0.020465116279069766, 'chemicalelement': 0.014883720930232559, 'academicjournal': 0.026046511627906978}
INFO - 06/05/23 13:04:12 - 0:00:01 - label distribution for dev set
INFO - 06/05/23 13:04:12 - 0:00:01 - {'organisation': 0.1095350669818755, 'academicjournal': 0.058707643814026794, 'scientist': 0.12923561859732072, 'chemicalcompound': 0.0760441292356186, 'misc': 0.14184397163120568, 'university': 0.054373522458628844, 'discipline': 0.01615445232466509, 'location': 0.05594956658786446, 'protein': 0.03979511426319937, 'astronomicalobject': 0.14696611505122142, 'chemicalelement': 0.009062253743104806, 'event': 0.014184397163120567, 'person': 0.06028368794326241, 'award': 0.055161544523246654, 'enzyme': 0.018912529550827423, 'country': 0.01103230890464933, 'theory': 0.0027580772261623326}
INFO - 06/05/23 13:04:12 - 0:00:01 - label distribution for test set
INFO - 06/05/23 13:04:12 - 0:00:01 - {'organisation': 0.08837811589511169, 'astronomicalobject': 0.10909679507931369, 'misc': 0.16833926837164132, 'chemicalcompound': 0.05179669796050502, 'protein': 0.05050178051149239, 'person': 0.07445775331822596, 'university': 0.04208481709291033, 'scientist': 0.15247652962123664, 'enzyme': 0.02589834898025251, 'award': 0.04726448688896083, 'event': 0.010035610229847848, 'location': 0.05503399158303658, 'country': 0.008740692780835222, 'academicjournal': 0.058271285205568145, 'chemicalelement': 0.02751699579151829, 'discipline': 0.023632243444480415, 'theory': 0.006474587245063127}
INFO - 06/05/23 13:04:12 - 0:00:01 - train size: 200; dev size 450; test size: 543;
DEBUG - 06/05/23 13:04:12 - 0:00:01 - https://huggingface.co:443 "HEAD /bert-base-cased/resolve/main/config.json HTTP/1.1" 200 0
DEBUG - 06/05/23 13:04:14 - 0:00:03 - https://huggingface.co:443 "HEAD /bert-base-cased/resolve/main/generation_config.json HTTP/1.1" 404 0
